Detecting C compiler ABI info failed to compile with the following output:
Change Dir: C:/Users/22H2/Documents/Boards/Keil5/HM1/USER/tmp/ENV/HM1/CMakeFiles/CMakeScratch/TryCompile-tsrvt6

Run Build Command(s):C:/Users/22H2/.vcpkg/artifacts/vcpkg-ce-default/tools.ninja.build.ninja/1.10.2/ninja.exe cmTC_42de6 && [1/2] Building C object CMakeFiles/cmTC_42de6.dir/CMakeCCompilerABI.o
Product: Keil MDK Community (non-commercial free of charge)
Component: Arm Compiler for Embedded 6.22
Tool: armclang [5ee92100]

Target: arm-arm-none-eabi
 (in-process)
 "C:\\Users\\22H2\\.vcpkg\\artifacts\\2139c4c6\\compilers.arm.armclang\\6.22.0\\bin\\armclang.exe" -cc1 -triple thumbv7m-arm-none-eabi -emit-obj -mrelax-all -disable-free -clear-ast-before-backend -disable-llvm-verifier -discard-value-names -main-file-name CMakeCCompilerABI.c -mrelocation-model static -mframe-pointer=none -menable-no-infs -menable-no-nans -fmath-errno -fno-signed-zeros -fdenormal-fp-math=preserve-sign,preserve-sign -ffp-contract=on -fno-rounding-math -ffinite-math-only -mconstructor-aliases -target-cpu cortex-m3 -target-feature +soft-float-abi -target-feature -vfp2 -target-feature -vfp2sp -target-feature -vfp3 -target-feature -vfp3d16 -target-feature -vfp3d16sp -target-feature -vfp3sp -target-feature -fp16 -target-feature -vfp4 -target-feature -vfp4d16 -target-feature -vfp4d16sp -target-feature -vfp4sp -target-feature -fp-armv8 -target-feature -fp-armv8d16 -target-feature -fp-armv8d16sp -target-feature -fp-armv8sp -target-feature -fullfp16 -target-feature -fp64 -target-feature -d32 -target-feature -neon -target-feature -sha2 -target-feature -aes -target-feature -dotprod -target-feature -fp16fml -target-feature -bf16 -target-feature -mve.fp -target-feature -fpregs -target-abi aapcs -mfloat-abi soft -debugger-tuning=gdb -fforce-dwarf-frame "-fdebug-compilation-dir=C:\\Users\\22H2\\Documents\\Boards\\Keil5\\HM1\\USER\\tmp\\ENV\\HM1\\CMakeFiles\\CMakeScratch\\TryCompile-tsrvt6" -v -ffunction-sections -fdata-sections "-fcoverage-compilation-dir=C:\\Users\\22H2\\Documents\\Boards\\Keil5\\HM1\\USER\\tmp\\ENV\\HM1\\CMakeFiles\\CMakeScratch\\TryCompile-tsrvt6" -resource-dir "C:\\Users\\22H2\\.vcpkg\\artifacts\\2139c4c6\\compilers.arm.armclang\\6.22.0\\lib\\clang\\19" -dependency-file "CMakeFiles\\cmTC_42de6.dir\\CMakeCCompilerABI.o.d" -MT CMakeFiles/cmTC_42de6.dir/CMakeCCompilerABI.o -sys-header-deps -c-isystem "C:\\Users\\22H2\\scoop\\apps\\gcc\\current\\include" -cxx-isystem "C:\\Users\\22H2\\scoop\\apps\\gcc\\current\\include" -internal-isystem "C:\\Users\\22H2\\.vcpkg\\artifacts\\2139c4c6\\compilers.arm.armclang\\6.22.0\\bin\\..\\include" -nobuiltininc -ferror-limit 19 -fvisibility=hidden -fno-signed-char -fgnuc-version=4.2.1 -fskip-odr-check-in-gmf -fsuppress-licensing -aggressive-jump-threading -o CMakeFiles/cmTC_42de6.dir/CMakeCCompilerABI.o -x c C:/Users/22H2/.vcpkg/artifacts/vcpkg-ce-default/tools.kitware.cmake/3.25.2/share/cmake-3.25/Modules/CMakeCCompilerABI.c
Arm Compiler for Embedded 6.22 -cc1 default target aarch64-arm-none-eabi
#include "..." search starts here:
#include <...> search starts here:
 C:\Users\22H2\scoop\apps\gcc\current\include
 C:\Users\22H2\.vcpkg\artifacts\2139c4c6\compilers.arm.armclang\6.22.0\bin\..\include
End of search list.
[2/2] Linking C static library libcmTC_42de6.a


Cannot copy output executable
  'C:/Users/22H2/Documents/Boards/Keil5/HM1/USER/tmp/ENV/HM1/CMakeFiles/CMakeScratch/TryCompile-tsrvt6/libcmTC_42de6.a'
to destination specified by COPY_FILE:
  'C:/Users/22H2/Documents/Boards/Keil5/HM1/USER/tmp/ENV/HM1/CMakeFiles/3.25.2/CMakeDetermineCompilerABI_C.bin'


