*** Using Compiler 'V6.21', folder: 'G:\embedded\MDK539\ARM\ARMCLANG\Bin'
Build target 'HM1'
compiling main.c...
compiling stm32f10x_bkp.c...
compiling stm32f10x_can.c...
compiling misc.c...
compiling core_cm3.c...
compiling stm32f10x_it.c...
compiling system_stm32f10x.c...
compiling stm32f10x_crc.c...
compiling stm32f10x_dac.c...
compiling stm32f10x_cec.c...
compiling stm32f10x_adc.c...
compiling stm32f10x_dbgmcu.c...
compiling stm32f10x_dma.c...
compiling stm32f10x_exti.c...
compiling stm32f10x_pwr.c...
compiling stm32f10x_iwdg.c...
compiling stm32f10x_fsmc.c...
compiling stm32f10x_flash.c...
compiling stm32f10x_i2c.c...
compiling stm32f10x_rtc.c...
compiling stm32f10x_rcc.c...
compiling stm32f10x_gpio.c...
compiling stm32f10x_sdio.c...
compiling stm32f10x_spi.c...
compiling stm32f10x_wwdg.c...
compiling stm32f10x_usart.c...
compiling stm32f10x_tim.c...
linking...
Program Size: Code=5494 RO-data=374 RW-data=4 ZI-data=1036  
FromELF: creating hex file...
"..\OBJ\ENV_ExecutableFile.axf" - 0 Error(s), 0 Warning(s).
Build Time Elapsed:  00:00:01
